frontend/universal-printer/android/build/intermediates/manifest_merge_blame_file/debug/processDebugManifest/manifest-merger-blame-debug-report.txt
1<?xml version="1.0" encoding="utf-8"?>
2<manifest xmlns:android="http://schemas.android.com/apk/res/android"
3    package="com.plusgroupe.printer" >
4
5    <uses-sdk android:minSdkVersion="24" />
6
7    <!-- ✅ NOUVO — Pou telechaje logo/imaj pou enprime -->
8    <uses-permission android:name="android.permission.INTERNET" />
8-->src\main\AndroidManifest.xml:5:5-67
8-->src\main\AndroidManifest.xml:5:22-64
9
10    <!-- Pou Bluetooth ESC/POS enprimant -->
11    <uses-permission android:name="android.permission.BLUETOOTH" />
11-->src\main\AndroidManifest.xml:8:5-68
11-->src\main\AndroidManifest.xml:8:22-65
12    <uses-permission android:name="android.permission.BLUETOOTH_ADMIN" />
12-->src\main\AndroidManifest.xml:9:5-74
12-->src\main\AndroidManifest.xml:9:22-71
13
14    <!-- Android 12+ (API 31+) -->
15    <uses-permission
15-->src\main\AndroidManifest.xml:12:5-13:58
16        android:name="android.permission.BLUETOOTH_SCAN"
16-->src\main\AndroidManifest.xml:12:22-70
17        android:usesPermissionFlags="neverForLocation" />
17-->src\main\AndroidManifest.xml:13:9-55
18    <uses-permission android:name="android.permission.BLUETOOTH_CONNECT" />
18-->src\main\AndroidManifest.xml:14:5-76
18-->src\main\AndroidManifest.xml:14:22-73
19
20    <!-- Pou skanere aparèy Bluetooth sou vye vèsyon Android -->
21    <uses-permission android:name="android.permission.ACCESS_COARSE_LOCATION" />
21-->src\main\AndroidManifest.xml:17:5-81
21-->src\main\AndroidManifest.xml:17:22-78
22    <uses-permission android:name="android.permission.ACCESS_FINE_LOCATION" />
22-->src\main\AndroidManifest.xml:18:5-79
22-->src\main\AndroidManifest.xml:18:22-76
23
24    <!-- Sunmi enprimant service (pou detekte automate) -->
25    <queries>
25-->src\main\AndroidManifest.xml:21:5-28:15
26        <package android:name="woyou.aidlservice.jiuiv5" />
26-->src\main\AndroidManifest.xml:22:9-60
26-->src\main\AndroidManifest.xml:22:18-57
27        <package android:name="woyou.aidlservice.jiuv5" />
27-->src\main\AndroidManifest.xml:23:9-59
27-->src\main\AndroidManifest.xml:23:18-56
28        <!-- iMin -->
29        <package android:name="com.imin.printerservice" />
29-->src\main\AndroidManifest.xml:25:9-59
29-->src\main\AndroidManifest.xml:25:18-56
30        <!-- Telpo -->
31        <package android:name="com.telpo.tps550.api" />
31-->src\main\AndroidManifest.xml:27:9-56
31-->src\main\AndroidManifest.xml:27:18-53
32    </queries>
33
34</manifest>